client/src/lib/qr-utils.ts(41,3): error TS2322: Type 'void' is not assignable to type 'string'.
client/src/lib/sidak-pdf-utils.ts(386,35): error TS2307: Cannot find module 'pdfjs-dist/legacy/build/pdf' or its corresponding type declarations.
client/src/lib/sidak-pdf-utils.ts(775,35): error TS2307: Cannot find module 'pdfjs-dist/legacy/build/pdf' or its corresponding type declarations.
client/src/lib/sidak-rambu-pdf-utils.ts(387,39): error TS2307: Cannot find module 'pdfjs-dist/legacy/build/pdf' or its corresponding type declarations.
client/src/lib/sidak-seatbelt-pdf-utils.ts(453,39): error TS2307: Cannot find module 'pdfjs-dist/legacy/build/pdf' or its corresponding type declarations.
client/src/pages/driver-view.tsx(716,49): error TS2339: Property 'actualNomorLambung' does not exist on type 'RosterSchedule'.
client/src/pages/driver-view.tsx(716,78): error TS2339: Property 'plannedNomorLambung' does not exist on type 'RosterSchedule'.
client/src/pages/driver-view.tsx(717,49): error TS2339: Property 'actualNomorLambung' does not exist on type 'RosterSchedule'.
client/src/pages/driver-view.tsx(717,79): error TS2339: Property 'plannedNomorLambung' does not exist on type 'RosterSchedule'.
client/src/pages/sidak-antrian-form.tsx(3,29): error TS2307: Cannot find module 'react-router-dom' or its corresponding type declarations.
client/src/pages/sidak-antrian-form.tsx(11,29): error TS2307: Cannot find module 'react-signature-canvas' or its corresponding type declarations.
client/src/pages/sidak-antrian-form.tsx(372,55): error TS7006: Parameter 'ref' implicitly has an 'any' type.
client/src/pages/sidak-antrian-history.tsx(3,29): error TS2307: Cannot find module 'react-router-dom' or its corresponding type declarations.
client/src/pages/sidak-apd-form.tsx(16,29): error TS2307: Cannot find module 'react-signature-canvas' or its corresponding type declarations.
client/src/pages/sidak-apd-form.tsx(19,30): error TS2307: Cannot find module '@/lib/api' or its corresponding type declarations.
client/src/pages/sidak-apd-form.tsx(351,53): error TS2339: Property 'records' does not exist on type '{}'.
client/src/pages/sidak-apd-form.tsx(351,76): error TS2339: Property 'records' does not exist on type '{}'.
client/src/pages/sidak-apd-form.tsx(355,81): error TS2339: Property 'records' does not exist on type '{}'.
client/src/pages/sidak-apd-form.tsx(361,59): error TS2339: Property 'records' does not exist on type '{}'.
client/src/pages/sidak-apd-form.tsx(383,88): error TS2339: Property 'records' does not exist on type '{}'.
client/src/pages/sidak-apd-form.tsx(421,55): error TS7006: Parameter 'ref' implicitly has an 'any' type.
client/src/pages/sidak-apd-form.tsx(432,99): error TS2345: Argument of type '{ nama: string; jabatan: string; tandaTangan: string; ordinal: number; }' is not assignable to parameter of type '{ nama: string; ordinal: number; sessionId: string; jabatan?: string | null | undefined; tandaTangan?: string | null | undefined; } | { nama: string; ordinal: number; sessionId: string; jabatan?: string | ... 1 more ... | undefined; tandaTangan?: string | ... 1 more ... | undefined; }[]'.
  Property 'sessionId' is missing in type '{ nama: string; jabatan: string; tandaTangan: string; ordinal: number; }' but required in type '{ nama: string; ordinal: number; sessionId: string; jabatan?: string | null | undefined; tandaTangan?: string | null | undefined; }'.
client/src/pages/sidak-jarak-form.tsx(3,29): error TS2307: Cannot find module 'react-router-dom' or its corresponding type declarations.
client/src/pages/sidak-jarak-form.tsx(10,29): error TS2307: Cannot find module 'react-signature-canvas' or its corresponding type declarations.
client/src/pages/sidak-jarak-form.tsx(407,59): error TS7006: Parameter 'ref' implicitly has an 'any' type.
client/src/pages/sidak-jarak-history.tsx(3,29): error TS2307: Cannot find module 'react-router-dom' or its corresponding type declarations.
client/src/pages/sidak-kecepatan-form.tsx(3,29): error TS2307: Cannot find module 'react-router-dom' or its corresponding type declarations.
client/src/pages/sidak-kecepatan-form.tsx(11,29): error TS2307: Cannot find module 'react-signature-canvas' or its corresponding type declarations.
client/src/pages/sidak-kecepatan-form.tsx(435,59): error TS7006: Parameter 'ref' implicitly has an 'any' type.
client/src/pages/sidak-kecepatan-history.tsx(3,29): error TS2307: Cannot find module 'react-router-dom' or its corresponding type declarations.
client/src/pages/sidak-loto-form.tsx(3,29): error TS2307: Cannot find module 'react-router-dom' or its corresponding type declarations.
client/src/pages/sidak-loto-form.tsx(10,29): error TS2307: Cannot find module 'react-signature-canvas' or its corresponding type declarations.
client/src/pages/sidak-loto-form.tsx(30,9): error TS2353: Object literal may only specify known properties, and 'totalSampel' does not exist in type '{ shift: string; lokasi: string; tanggal: string; waktu: string; departemen?: string | null | undefined; createdBy?: string | null | undefined; activityPhotos?: string[] | null | undefined; } | (() => { ...; })'.
client/src/pages/sidak-loto-form.tsx(433,59): error TS7006: Parameter 'ref' implicitly has an 'any' type.
client/src/pages/sidak-loto-history.tsx(3,29): error TS2307: Cannot find module 'react-router-dom' or its corresponding type declarations.
client/src/pages/sidak-pencahayaan-form.tsx(3,29): error TS2307: Cannot find module 'react-router-dom' or its corresponding type declarations.
client/src/pages/sidak-pencahayaan-form.tsx(11,29): error TS2307: Cannot find module 'react-signature-canvas' or its corresponding type declarations.
client/src/pages/sidak-pencahayaan-form.tsx(282,49): error TS2322: Type 'string | null | undefined' is not assignable to type 'string | number | readonly string[] | undefined'.
  Type 'null' is not assignable to type 'string | number | readonly string[] | undefined'.
client/src/pages/sidak-pencahayaan-form.tsx(293,49): error TS2322: Type 'string | null | undefined' is not assignable to type 'string | number | readonly string[] | undefined'.
  Type 'null' is not assignable to type 'string | number | readonly string[] | undefined'.
client/src/pages/sidak-pencahayaan-form.tsx(304,49): error TS2322: Type 'number | null | undefined' is not assignable to type 'string | number | readonly string[] | undefined'.
  Type 'null' is not assignable to type 'string | number | readonly string[] | undefined'.
client/src/pages/sidak-pencahayaan-form.tsx(321,49): error TS2322: Type 'string | null | undefined' is not assignable to type 'string | number | readonly string[] | undefined'.
  Type 'null' is not assignable to type 'string | number | readonly string[] | undefined'.
client/src/pages/sidak-pencahayaan-form.tsx(441,59): error TS7006: Parameter 'ref' implicitly has an 'any' type.
client/src/pages/sidak-pencahayaan-history.tsx(3,29): error TS2307: Cannot find module 'react-router-dom' or its corresponding type declarations.
server/leaveMonitoringService.ts(102,13): error TS2322: Type 'string' is not assignable to type 'Date'.
server/routes.ts(958,24): error TS7006: Parameter 'att' implicitly has an 'any' type.
server/routes.ts(961,29): error TS7006: Parameter 'leave' implicitly has an 'any' type.
server/routes.ts(964,26): error TS7006: Parameter 'emp' implicitly has an 'any' type.
server/routes.ts(970,41): error TS7006: Parameter 'schedule' implicitly has an 'any' type.
server/routes.ts(979,45): error TS2339: Property 'time' does not exist on type '{}'.
server/routes.ts(980,45): error TS2339: Property 'jamTidur' does not exist on type '{}'.
server/routes.ts(981,46): error TS2339: Property 'fitToWork' does not exist on type '{}'.
server/routes.ts(983,34): error TS2339: Property 'monitoringDays' does not exist on type '{}'.
server/routes.ts(1667,17): error TS18048: 'activeToken' is possibly 'undefined'.
server/routes.ts(3341,34): error TS2802: Type 'Set<unknown>' can only be iterated through when using the '--downlevelIteration' flag or with a '--target' of 'es2015' or higher.
server/routes.ts(3343,16): error TS7006: Parameter 'emp' implicitly has an 'any' type.
server/routes.ts(3344,19): error TS7006: Parameter 'group' implicitly has an 'any' type.
server/routes.ts(5384,20): error TS2339: Property 'waktu' does not exist on type '{ shift: string; id: string; createdAt: Date | null; tanggal: string; lokasi: string; totalSampel: number; createdBy: string | null; activityPhotos: string[] | null; jam: string; persenKepatuhan: number; }'.
server/routes.ts(5621,28): error TS2339: Property 'waktu' does not exist on type '{ shift: string; id: string; createdAt: Date | null; tanggal: string; lokasi: string; totalSampel: number; createdBy: string | null; activityPhotos: string[] | null; jam: string; persenKepatuhan: number; }'.
server/routes.ts(7439,100): error TS2345: Argument of type 'Date | null' is not assignable to parameter of type 'Date'.
  Type 'null' is not assignable to type 'Date'.
server/routes.ts(7815,39): error TS2551: Property 'generateSidakApdPDF' does not exist on type 'DrizzleStorage'. Did you mean 'generateSidakRambuPDF'?
server/routes.ts(8085,65): error TS2345: Argument of type '{ sessionId: string; nama: any; jabatan: any; tandaTangan: any; }' is not assignable to parameter of type '{ sessionId: string; ordinal: number; nama: string; jabatan?: string | null | undefined; tandaTangan?: string | null | undefined; }'.
  Property 'ordinal' is missing in type '{ sessionId: string; nama: any; jabatan: any; tandaTangan: any; }' but required in type '{ sessionId: string; ordinal: number; nama: string; jabatan?: string | null | undefined; tandaTangan?: string | null | undefined; }'.
